2025-03-09 12:13:46.0540 | INFO | Microsoft.Hosting.Lifetime | Now listening on: https://localhost:7224 
2025-03-09 12:13:46.3100 | INFO | Microsoft.Hosting.Lifetime | Now listening on: http://localhost:5186 
2025-03-09 12:13:46.6241 | INFO | Microsoft.Hosting.Lifetime | Application started. Press Ctrl+C to shut down. 
2025-03-09 12:13:46.6241 | INFO | Microsoft.Hosting.Lifetime | Hosting environment: Development 
2025-03-09 12:13:46.6398 | INFO | Microsoft.Hosting.Lifetime | Content root path: C:\Users\JYOTI THAKUR\Desktop\GreetinApp1\GreetingApp_2384200076\HelloGreetingApplication\ 
2025-03-09 12:13:50.8154 | INFO | Microsoft.AspNetCore.Hosting.Diagnostics | Request starting HTTP/2 GET https://localhost:7224/Swagger/index.html - - 
2025-03-09 12:13:52.1363 | INFO | Microsoft.AspNetCore.Hosting.Diagnostics | Request finished HTTP/2 GET https://localhost:7224/Swagger/index.html - - - 200 - text/html;charset=utf-8 1329.9113ms 
2025-03-09 12:13:52.2620 | INFO | Microsoft.AspNetCore.Hosting.Diagnostics | Request starting HTTP/2 GET https://localhost:7224/_framework/aspnetcore-browser-refresh.js - - 
2025-03-09 12:13:52.2620 | INFO | Microsoft.AspNetCore.Hosting.Diagnostics | Request starting HTTP/2 GET https://localhost:7224/Swagger/index.js - - 
2025-03-09 12:13:52.2620 | INFO | Microsoft.AspNetCore.Hosting.Diagnostics | Request starting HTTP/2 GET https://localhost:7224/_vs/browserLink - - 
2025-03-09 12:13:52.2620 | INFO | Microsoft.AspNetCore.Hosting.Diagnostics | Request starting HTTP/2 GET https://localhost:7224/Swagger/swagger-ui.css - - 
2025-03-09 12:13:52.2620 | INFO | Microsoft.AspNetCore.Hosting.Diagnostics | Request starting HTTP/2 GET https://localhost:7224/Swagger/index.css - - 
2025-03-09 12:13:52.2620 | INFO | Microsoft.AspNetCore.Hosting.Diagnostics | Request finished HTTP/2 GET https://localhost:7224/Swagger/index.js - - - 200 - application/javascript;charset=utf-8 6.6043ms 
2025-03-09 12:13:52.2620 | INFO | Microsoft.AspNetCore.Hosting.Diagnostics | Request starting HTTP/2 GET https://localhost:7224/Swagger/swagger-ui-bundle.js - - 
2025-03-09 12:13:52.2793 | INFO | Microsoft.AspNetCore.Hosting.Diagnostics | Request finished HTTP/2 GET https://localhost:7224/_framework/aspnetcore-browser-refresh.js - - - 200 12006 application/javascript;+charset=utf-8 17.2434ms 
2025-03-09 12:13:52.2793 | INFO | Microsoft.AspNetCore.Hosting.Diagnostics | Request starting HTTP/2 GET https://localhost:7224/Swagger/swagger-ui-standalone-preset.js - - 
2025-03-09 12:13:52.2793 | INFO | Microsoft.AspNetCore.StaticFiles.StaticFileMiddleware | The file /swagger-ui.css was not modified 
2025-03-09 12:13:52.2793 | INFO | Microsoft.AspNetCore.StaticFiles.StaticFileMiddleware | The file /swagger-ui-standalone-preset.js was not modified 
2025-03-09 12:13:52.2793 | INFO | Microsoft.AspNetCore.Hosting.Diagnostics | Request finished HTTP/2 GET https://localhost:7224/Swagger/swagger-ui-standalone-preset.js - - - 304 - application/javascript 3.9789ms 
2025-03-09 12:13:52.2793 | INFO | Microsoft.AspNetCore.StaticFiles.StaticFileMiddleware | The file /index.css was not modified 
2025-03-09 12:13:52.2793 | INFO | Microsoft.AspNetCore.Hosting.Diagnostics | Request finished HTTP/2 GET https://localhost:7224/Swagger/swagger-ui.css - - - 304 - text/css 21.9537ms 
2025-03-09 12:13:52.2793 | INFO | Microsoft.AspNetCore.Hosting.Diagnostics | Request finished HTTP/2 GET https://localhost:7224/Swagger/index.css - - - 304 - text/css 24.5781ms 
2025-03-09 12:13:52.2793 | INFO | Microsoft.AspNetCore.StaticFiles.StaticFileMiddleware | The file /swagger-ui-bundle.js was not modified 
2025-03-09 12:13:52.2793 | INFO | Microsoft.AspNetCore.Hosting.Diagnostics | Request finished HTTP/2 GET https://localhost:7224/Swagger/swagger-ui-bundle.js - - - 304 - application/javascript 18.9745ms 
2025-03-09 12:13:52.7162 | INFO | Microsoft.AspNetCore.Hosting.Diagnostics | Request finished HTTP/2 GET https://localhost:7224/_vs/browserLink - - - 200 - text/javascript;+charset=UTF-8 454.2076ms 
2025-03-09 12:13:52.8300 | INFO | Microsoft.AspNetCore.Hosting.Diagnostics | Request starting HTTP/2 GET https://localhost:7224/Swagger/v1/swagger.json - - 
2025-03-09 12:13:52.8461 | INFO | Microsoft.AspNetCore.Hosting.Diagnostics | Request finished HTTP/2 GET https://localhost:7224/Swagger/v1/swagger.json - - - 200 - application/json;charset=utf-8 16.0210ms 
2025-03-09 12:26:54.9744 | INFO | Microsoft.Hosting.Lifetime | Now listening on: https://localhost:7224 
2025-03-09 12:26:55.9101 | INFO | Microsoft.Hosting.Lifetime | Now listening on: http://localhost:5186 
2025-03-09 12:26:56.2702 | INFO | Microsoft.Hosting.Lifetime | Application started. Press Ctrl+C to shut down. 
2025-03-09 12:26:56.5014 | INFO | Microsoft.Hosting.Lifetime | Hosting environment: Development 
2025-03-09 12:26:56.5268 | INFO | Microsoft.Hosting.Lifetime | Content root path: C:\Users\JYOTI THAKUR\Desktop\GreetinApp1\GreetingApp_2384200076\HelloGreetingApplication\ 
2025-03-09 12:26:59.0954 | INFO | Microsoft.AspNetCore.Hosting.Diagnostics | Request starting HTTP/2 GET https://localhost:7224/Swagger/index.html - - 
2025-03-09 12:27:00.3736 | INFO | Microsoft.AspNetCore.Hosting.Diagnostics | Request finished HTTP/2 GET https://localhost:7224/Swagger/index.html - - - 200 - text/html;charset=utf-8 1279.5976ms 
2025-03-09 12:27:00.4673 | INFO | Microsoft.AspNetCore.Hosting.Diagnostics | Request starting HTTP/2 GET https://localhost:7224/_framework/aspnetcore-browser-refresh.js - - 
2025-03-09 12:27:00.4906 | INFO | Microsoft.AspNetCore.Hosting.Diagnostics | Request finished HTTP/2 GET https://localhost:7224/_framework/aspnetcore-browser-refresh.js - - - 200 12006 application/javascript;+charset=utf-8 23.2966ms 
2025-03-09 12:27:00.4906 | INFO | Microsoft.AspNetCore.Hosting.Diagnostics | Request starting HTTP/2 GET https://localhost:7224/Swagger/index.js - - 
2025-03-09 12:27:00.4976 | INFO | Microsoft.AspNetCore.Hosting.Diagnostics | Request finished HTTP/2 GET https://localhost:7224/Swagger/index.js - - - 200 - application/javascript;charset=utf-8 6.4846ms 
2025-03-09 12:27:00.5315 | INFO | Microsoft.AspNetCore.Hosting.Diagnostics | Request starting HTTP/2 GET https://localhost:7224/_vs/browserLink - - 
2025-03-09 12:27:00.9213 | INFO | Microsoft.AspNetCore.Hosting.Diagnostics | Request finished HTTP/2 GET https://localhost:7224/_vs/browserLink - - - 200 - text/javascript;+charset=UTF-8 389.8150ms 
2025-03-09 12:27:01.1991 | INFO | Microsoft.AspNetCore.Hosting.Diagnostics | Request starting HTTP/2 GET https://localhost:7224/Swagger/v1/swagger.json - - 
2025-03-09 12:27:01.2613 | INFO | Microsoft.AspNetCore.Hosting.Diagnostics | Request finished HTTP/2 GET https://localhost:7224/Swagger/v1/swagger.json - - - 200 - application/json;charset=utf-8 63.0810ms 
2025-03-09 12:27:17.0734 | INFO | Microsoft.AspNetCore.Hosting.Diagnostics | Request starting HTTP/2 GET https://localhost:7224/HelloGreetingApplication/TestException - - 
2025-03-09 12:27:17.1033 | INFO | Microsoft.AspNetCore.Routing.EndpointMiddleware | Executing endpoint 'HelloGreetingApplication.Controllers.HelloGreetingApplicationController.TestException (HelloGreetingApplication)' 
2025-03-09 12:27:17.1345 | INFO | Microsoft.AspNetCore.Mvc.Infrastructure.ControllerActionInvoker | Route matched with {action = "TestException", controller = "HelloGreetingApplication"}. Executing controller action with signature Microsoft.AspNetCore.Mvc.IActionResult TestException() on controller HelloGreetingApplication.Controllers.HelloGreetingApplicationController (HelloGreetingApplication). 
2025-03-09 12:28:35.5032 | INFO | Microsoft.Hosting.Lifetime | Now listening on: https://localhost:7224 
2025-03-09 12:28:35.6852 | INFO | Microsoft.Hosting.Lifetime | Now listening on: http://localhost:5186 
2025-03-09 12:28:37.1661 | INFO | Microsoft.Hosting.Lifetime | Application started. Press Ctrl+C to shut down. 
2025-03-09 12:28:37.5588 | INFO | Microsoft.Hosting.Lifetime | Hosting environment: Development 
2025-03-09 12:28:37.5588 | INFO | Microsoft.Hosting.Lifetime | Content root path: C:\Users\JYOTI THAKUR\Desktop\GreetinApp1\GreetingApp_2384200076\HelloGreetingApplication\ 
2025-03-09 12:28:37.8427 | INFO | Microsoft.AspNetCore.Hosting.Diagnostics | Request starting HTTP/2 GET https://localhost:7224/Swagger/index.html - - 
2025-03-09 12:28:38.9043 | INFO | Microsoft.AspNetCore.Hosting.Diagnostics | Request finished HTTP/2 GET https://localhost:7224/Swagger/index.html - - - 200 - text/html;charset=utf-8 1071.4913ms 
2025-03-09 12:28:39.0353 | INFO | Microsoft.AspNetCore.Hosting.Diagnostics | Request starting HTTP/2 GET https://localhost:7224/Swagger/index.js - - 
2025-03-09 12:28:39.1022 | INFO | Microsoft.AspNetCore.Hosting.Diagnostics | Request starting HTTP/2 GET https://localhost:7224/_framework/aspnetcore-browser-refresh.js - - 
2025-03-09 12:28:39.1037 | INFO | Microsoft.AspNetCore.Hosting.Diagnostics | Request finished HTTP/2 GET https://localhost:7224/Swagger/index.js - - - 200 - application/javascript;charset=utf-8 68.3643ms 
2025-03-09 12:28:39.1300 | INFO | Microsoft.AspNetCore.Hosting.Diagnostics | Request starting HTTP/2 GET https://localhost:7224/_vs/browserLink - - 
2025-03-09 12:28:39.1433 | INFO | Microsoft.AspNetCore.Hosting.Diagnostics | Request finished HTTP/2 GET https://localhost:7224/_framework/aspnetcore-browser-refresh.js - - - 200 12006 application/javascript;+charset=utf-8 41.0528ms 
2025-03-09 12:28:39.6746 | INFO | Microsoft.AspNetCore.Hosting.Diagnostics | Request finished HTTP/2 GET https://localhost:7224/_vs/browserLink - - - 200 - text/javascript;+charset=UTF-8 544.6183ms 
2025-03-09 12:28:39.9954 | INFO | Microsoft.AspNetCore.Hosting.Diagnostics | Request starting HTTP/2 GET https://localhost:7224/Swagger/v1/swagger.json - - 
2025-03-09 12:28:40.0489 | INFO | Microsoft.AspNetCore.Hosting.Diagnostics | Request finished HTTP/2 GET https://localhost:7224/Swagger/v1/swagger.json - - - 200 - application/json;charset=utf-8 53.5147ms 
2025-03-09 12:28:48.9949 | INFO | Microsoft.AspNetCore.Hosting.Diagnostics | Request starting HTTP/2 GET https://localhost:7224/HelloGreetingApplication/TestException - - 
2025-03-09 12:28:49.0109 | INFO | Microsoft.AspNetCore.Routing.EndpointMiddleware | Executing endpoint 'HelloGreetingApplication.Controllers.HelloGreetingApplicationController.TestException (HelloGreetingApplication)' 
2025-03-09 12:28:49.0506 | INFO | Microsoft.AspNetCore.Mvc.Infrastructure.ControllerActionInvoker | Route matched with {action = "TestException", controller = "HelloGreetingApplication"}. Executing controller action with signature Microsoft.AspNetCore.Mvc.IActionResult TestException() on controller HelloGreetingApplication.Controllers.HelloGreetingApplicationController (HelloGreetingApplication). 
2025-03-09 12:28:49.8573 | INFO | Microsoft.AspNetCore.Mvc.Infrastructure.ControllerActionInvoker | Executed action HelloGreetingApplication.Controllers.HelloGreetingApplicationController.TestException (HelloGreetingApplication) in 796.4885ms 
2025-03-09 12:28:49.8612 | INFO | Microsoft.AspNetCore.Routing.EndpointMiddleware | Executed endpoint 'HelloGreetingApplication.Controllers.HelloGreetingApplicationController.TestException (HelloGreetingApplication)' 
2025-03-09 12:28:49.9446 | ERROR | HelloGreetingApplication.Middleware.ExceptionMiddleware | Exception Occurred: This is a test exception! 
2025-03-09 12:28:49.9605 | INFO | Microsoft.AspNetCore.Hosting.Diagnostics | Request finished HTTP/2 GET https://localhost:7224/HelloGreetingApplication/TestException - - - 500 - application/json 965.4942ms 
2025-03-09 19:07:45.1820 | INFO | Microsoft.EntityFrameworkCore.Infrastructure | Entity Framework Core 6.0.25 initialized 'HelloGreetingContext' using provider 'Microsoft.EntityFrameworkCore.SqlServer:6.0.25' with options: None 
2025-03-09 19:07:59.5783 | INFO | Microsoft.EntityFrameworkCore.Infrastructure | Entity Framework Core 6.0.25 initialized 'HelloGreetingContext' using provider 'Microsoft.EntityFrameworkCore.SqlServer:6.0.25' with options: None 
2025-03-09 19:08:00.3365 | INFO | Microsoft.EntityFrameworkCore.Database.Command | Executed DbCommand (31ms) [Parameters=[], CommandType='Text', CommandTimeout='30']
SELECT 1 
2025-03-09 19:08:00.4193 | INFO | Microsoft.EntityFrameworkCore.Database.Command | Executed DbCommand (46ms) [Parameters=[], CommandType='Text', CommandTimeout='30']
SELECT OBJECT_ID(N'[__EFMigrationsHistory]'); 
2025-03-09 19:08:00.4279 | INFO | Microsoft.EntityFrameworkCore.Database.Command | Executed DbCommand (4ms) [Parameters=[], CommandType='Text', CommandTimeout='30']
SELECT 1 
2025-03-09 19:08:00.4279 | INFO | Microsoft.EntityFrameworkCore.Database.Command | Executed DbCommand (2ms) [Parameters=[], CommandType='Text', CommandTimeout='30']
SELECT OBJECT_ID(N'[__EFMigrationsHistory]'); 
2025-03-09 19:08:00.6401 | INFO | Microsoft.EntityFrameworkCore.Database.Command | Executed DbCommand (171ms) [Parameters=[], CommandType='Text', CommandTimeout='30']
SELECT [MigrationId], [ProductVersion]
FROM [__EFMigrationsHistory]
ORDER BY [MigrationId]; 
2025-03-09 19:08:00.6690 | INFO | Microsoft.EntityFrameworkCore.Migrations | No migrations were applied. The database is already up to date. 
2025-03-09 19:09:14.4366 | INFO | Microsoft.EntityFrameworkCore.Infrastructure | Entity Framework Core 6.0.25 initialized 'HelloGreetingContext' using provider 'Microsoft.EntityFrameworkCore.SqlServer:6.0.25' with options: None 
2025-03-09 19:09:28.2040 | INFO | Microsoft.EntityFrameworkCore.Infrastructure | Entity Framework Core 6.0.25 initialized 'HelloGreetingContext' using provider 'Microsoft.EntityFrameworkCore.SqlServer:6.0.25' with options: None 
2025-03-09 19:09:48.6007 | INFO | Microsoft.EntityFrameworkCore.Infrastructure | Entity Framework Core 6.0.25 initialized 'HelloGreetingContext' using provider 'Microsoft.EntityFrameworkCore.SqlServer:6.0.25' with options: None 
2025-03-09 19:09:49.3022 | INFO | Microsoft.EntityFrameworkCore.Database.Command | Executed DbCommand (22ms) [Parameters=[], CommandType='Text', CommandTimeout='30']
SELECT 1 
2025-03-09 19:09:49.3605 | INFO | Microsoft.EntityFrameworkCore.Database.Command | Executed DbCommand (33ms) [Parameters=[], CommandType='Text', CommandTimeout='30']
SELECT OBJECT_ID(N'[__EFMigrationsHistory]'); 
2025-03-09 19:09:49.3670 | INFO | Microsoft.EntityFrameworkCore.Database.Command | Executed DbCommand (3ms) [Parameters=[], CommandType='Text', CommandTimeout='30']
SELECT 1 
2025-03-09 19:09:49.3670 | INFO | Microsoft.EntityFrameworkCore.Database.Command | Executed DbCommand (1ms) [Parameters=[], CommandType='Text', CommandTimeout='30']
SELECT OBJECT_ID(N'[__EFMigrationsHistory]'); 
2025-03-09 19:09:49.4242 | INFO | Microsoft.EntityFrameworkCore.Database.Command | Executed DbCommand (17ms) [Parameters=[], CommandType='Text', CommandTimeout='30']
SELECT [MigrationId], [ProductVersion]
FROM [__EFMigrationsHistory]
ORDER BY [MigrationId]; 
2025-03-09 19:09:49.4662 | INFO | Microsoft.EntityFrameworkCore.Migrations | Applying migration '20250309133928_AddUsersTable'. 
2025-03-09 19:09:49.7264 | INFO | Microsoft.EntityFrameworkCore.Database.Command | Executed DbCommand (126ms) [Parameters=[], CommandType='Text', CommandTimeout='30']
CREATE TABLE [Users] (
    [Id] int NOT NULL IDENTITY,
    [Name] nvarchar(max) NOT NULL,
    [Email] nvarchar(450) NOT NULL,
    [PasswordHash] nvarchar(max) NOT NULL,
    [Salt] nvarchar(max) NOT NULL,
    [CreatedAt] datetime2 NOT NULL,
    [UpdatedAt] datetime2 NOT NULL,
    CONSTRAINT [PK_Users] PRIMARY KEY ([Id])
); 
2025-03-09 19:09:49.9401 | INFO | Microsoft.EntityFrameworkCore.Database.Command | Executed DbCommand (88ms) [Parameters=[], CommandType='Text', CommandTimeout='30']
CREATE UNIQUE INDEX [IX_Users_Email] ON [Users] ([Email]); 
2025-03-09 19:09:50.0618 | INFO | Microsoft.EntityFrameworkCore.Database.Command | Executed DbCommand (121ms) [Parameters=[], CommandType='Text', CommandTimeout='30']
INSERT INTO [__EFMigrationsHistory] ([MigrationId], [ProductVersion])
VALUES (N'20250309133928_AddUsersTable', N'6.0.25'); 
2025-03-09 19:30:03.3292 | INFO | Microsoft.Hosting.Lifetime | Now listening on: https://localhost:7224 
2025-03-09 19:30:03.5437 | INFO | Microsoft.Hosting.Lifetime | Now listening on: http://localhost:5186 
2025-03-09 19:30:03.7749 | INFO | Microsoft.Hosting.Lifetime | Application started. Press Ctrl+C to shut down. 
2025-03-09 19:30:03.7877 | INFO | Microsoft.Hosting.Lifetime | Hosting environment: Development 
2025-03-09 19:30:03.7877 | INFO | Microsoft.Hosting.Lifetime | Content root path: C:\Users\JYOTI THAKUR\Desktop\GreetinApp1\GreetingApp_2384200076\HelloGreetingApplication\ 
2025-03-09 19:30:08.1580 | INFO | Microsoft.AspNetCore.Hosting.Diagnostics | Request starting HTTP/2 GET https://localhost:7224/Swagger/index.html - - 
2025-03-09 19:30:09.2642 | INFO | Microsoft.AspNetCore.Hosting.Diagnostics | Request finished HTTP/2 GET https://localhost:7224/Swagger/index.html - - - 200 - text/html;charset=utf-8 1108.2313ms 
2025-03-09 19:30:09.5702 | INFO | Microsoft.AspNetCore.Hosting.Diagnostics | Request starting HTTP/2 GET https://localhost:7224/_framework/aspnetcore-browser-refresh.js - - 
2025-03-09 19:30:09.5702 | INFO | Microsoft.AspNetCore.Hosting.Diagnostics | Request starting HTTP/2 GET https://localhost:7224/Swagger/index.js - - 
2025-03-09 19:30:09.5865 | INFO | Microsoft.AspNetCore.Hosting.Diagnostics | Request finished HTTP/2 GET https://localhost:7224/_framework/aspnetcore-browser-refresh.js - - - 200 12006 application/javascript;+charset=utf-8 16.2790ms 
2025-03-09 19:30:09.5865 | INFO | Microsoft.AspNetCore.Hosting.Diagnostics | Request finished HTTP/2 GET https://localhost:7224/Swagger/index.js - - - 200 - application/javascript;charset=utf-8 16.9425ms 
2025-03-09 19:30:09.6086 | INFO | Microsoft.AspNetCore.Hosting.Diagnostics | Request starting HTTP/2 GET https://localhost:7224/_vs/browserLink - - 
2025-03-09 19:33:09.8645 | INFO | Microsoft.Hosting.Lifetime | Now listening on: https://localhost:7224 
2025-03-09 19:33:10.3403 | INFO | Microsoft.Hosting.Lifetime | Now listening on: http://localhost:5186 
2025-03-09 19:33:10.9004 | INFO | Microsoft.Hosting.Lifetime | Application started. Press Ctrl+C to shut down. 
2025-03-09 19:33:10.9245 | INFO | Microsoft.Hosting.Lifetime | Hosting environment: Development 
2025-03-09 19:33:10.9302 | INFO | Microsoft.Hosting.Lifetime | Content root path: C:\Users\JYOTI THAKUR\Desktop\GreetinApp1\GreetingApp_2384200076\HelloGreetingApplication\ 
2025-03-09 19:33:12.8953 | INFO | Microsoft.AspNetCore.Hosting.Diagnostics | Request starting HTTP/2 GET https://localhost:7224/Swagger/index.html - - 
2025-03-09 19:33:13.9940 | INFO | Microsoft.AspNetCore.Hosting.Diagnostics | Request finished HTTP/2 GET https://localhost:7224/Swagger/index.html - - - 200 - text/html;charset=utf-8 1102.3873ms 
2025-03-09 19:33:14.0664 | INFO | Microsoft.AspNetCore.Hosting.Diagnostics | Request starting HTTP/2 GET https://localhost:7224/Swagger/index.js - - 
2025-03-09 19:33:14.0664 | INFO | Microsoft.AspNetCore.Hosting.Diagnostics | Request starting HTTP/2 GET https://localhost:7224/_vs/browserLink - - 
2025-03-09 19:33:14.0664 | INFO | Microsoft.AspNetCore.Hosting.Diagnostics | Request starting HTTP/2 GET https://localhost:7224/_framework/aspnetcore-browser-refresh.js - - 
2025-03-09 19:33:14.0823 | INFO | Microsoft.AspNetCore.Hosting.Diagnostics | Request finished HTTP/2 GET https://localhost:7224/Swagger/index.js - - - 200 - application/javascript;charset=utf-8 15.8343ms 
2025-03-09 19:33:14.0823 | INFO | Microsoft.AspNetCore.Hosting.Diagnostics | Request finished HTTP/2 GET https://localhost:7224/_framework/aspnetcore-browser-refresh.js - - - 200 12006 application/javascript;+charset=utf-8 17.3843ms 
2025-03-09 19:33:14.8235 | INFO | Microsoft.AspNetCore.Hosting.Diagnostics | Request finished HTTP/2 GET https://localhost:7224/_vs/browserLink - - - 200 - text/javascript;+charset=UTF-8 755.8087ms 
2025-03-09 19:33:15.0314 | INFO | Microsoft.AspNetCore.Hosting.Diagnostics | Request starting HTTP/2 GET https://localhost:7224/Swagger/v1/swagger.json - - 
2025-03-09 19:33:15.0538 | INFO | Microsoft.AspNetCore.Hosting.Diagnostics | Request finished HTTP/2 GET https://localhost:7224/Swagger/v1/swagger.json - - - 200 - application/json;charset=utf-8 22.3434ms 
2025-03-09 19:34:19.0974 | INFO | Microsoft.AspNetCore.Hosting.Diagnostics | Request starting HTTP/2 POST https://localhost:7224/api/User/register application/json 87 
2025-03-09 19:34:19.1316 | INFO | Microsoft.AspNetCore.Routing.EndpointMiddleware | Executing endpoint 'HelloGreetingApplication.Controllers.UserController.Register (HelloGreetingApplication)' 
2025-03-09 19:34:19.1976 | INFO | Microsoft.AspNetCore.Mvc.Infrastructure.ControllerActionInvoker | Route matched with {action = "Register", controller = "User"}. Executing controller action with signature Microsoft.AspNetCore.Mvc.IActionResult Register(ModelLayer.Model.UserModels.RegisterModel) on controller HelloGreetingApplication.Controllers.UserController (HelloGreetingApplication). 
2025-03-09 19:34:21.6233 | INFO | Microsoft.EntityFrameworkCore.Infrastructure | Entity Framework Core 6.0.25 initialized 'HelloGreetingContext' using provider 'Microsoft.EntityFrameworkCore.SqlServer:6.0.25' with options: None 
2025-03-09 19:34:23.9920 | INFO | Microsoft.EntityFrameworkCore.Database.Command | Executed DbCommand (293ms) [Parameters=[@__model_Email_0='?' (Size = 450)], CommandType='Text', CommandTimeout='30']
SELECT CASE
    WHEN EXISTS (
        SELECT 1
        FROM [Users] AS [u]
        WHERE [u].[Email] = @__model_Email_0) THEN CAST(1 AS bit)
    ELSE CAST(0 AS bit)
END 
2025-03-09 19:34:24.8125 | INFO | Microsoft.EntityFrameworkCore.Database.Command | Executed DbCommand (118ms) [Parameters=[@p0='?' (DbType = DateTime2), @p1='?' (Size = 450), @p2='?' (Size = 4000), @p3='?' (Size = 4000), @p4='?' (Size = 4000), @p5='?' (DbType = DateTime2)], CommandType='Text', CommandTimeout='30']
SET NOCOUNT ON;
INSERT INTO [Users] ([CreatedAt], [Email], [Name], [PasswordHash], [Salt], [UpdatedAt])
VALUES (@p0, @p1, @p2, @p3, @p4, @p5);
SELECT [Id]
FROM [Users]
WHERE @@ROWCOUNT = 1 AND [Id] = scope_identity(); 
2025-03-09 19:34:24.9340 | INFO | Microsoft.AspNetCore.Mvc.Infrastructure.ObjectResultExecutor | Executing OkObjectResult, writing value of type '<>f__AnonymousType2`2[[System.String, System.Private.CoreLib, Version=6.0.0.0, Culture=neutral, PublicKeyToken=7cec85d7bea7798e],[RepositoryLayer.Entity.UserDetailsEntity, RepositoryLayer, Version=1.0.0.0, Culture=neutral, PublicKeyToken=null]]'. 
2025-03-09 19:34:24.9643 | INFO | Microsoft.AspNetCore.Mvc.Infrastructure.ControllerActionInvoker | Executed action HelloGreetingApplication.Controllers.UserController.Register (HelloGreetingApplication) in 5755.3676ms 
2025-03-09 19:34:24.9643 | INFO | Microsoft.AspNetCore.Routing.EndpointMiddleware | Executed endpoint 'HelloGreetingApplication.Controllers.UserController.Register (HelloGreetingApplication)' 
2025-03-09 19:34:24.9872 | INFO | Microsoft.AspNetCore.Hosting.Diagnostics | Request finished HTTP/2 POST https://localhost:7224/api/User/register application/json 87 - 200 - application/json;+charset=utf-8 5889.7720ms 
2025-03-09 19:35:11.9426 | INFO | Microsoft.AspNetCore.Hosting.Diagnostics | Request starting HTTP/2 POST https://localhost:7224/api/User/login application/json 68 
2025-03-09 19:35:11.9426 | INFO | Microsoft.AspNetCore.Routing.EndpointMiddleware | Executing endpoint 'HelloGreetingApplication.Controllers.UserController.Login (HelloGreetingApplication)' 
2025-03-09 19:35:11.9426 | INFO | Microsoft.AspNetCore.Mvc.Infrastructure.ControllerActionInvoker | Route matched with {action = "Login", controller = "User"}. Executing controller action with signature Microsoft.AspNetCore.Mvc.IActionResult Login(ModelLayer.Model.UserModels.LoginModel) on controller HelloGreetingApplication.Controllers.UserController (HelloGreetingApplication). 
2025-03-09 19:35:11.9625 | INFO | Microsoft.EntityFrameworkCore.Infrastructure | Entity Framework Core 6.0.25 initialized 'HelloGreetingContext' using provider 'Microsoft.EntityFrameworkCore.SqlServer:6.0.25' with options: None 
2025-03-09 19:35:12.1135 | INFO | Microsoft.EntityFrameworkCore.Database.Command | Executed DbCommand (75ms) [Parameters=[@__model_Email_0='?' (Size = 450)], CommandType='Text', CommandTimeout='30']
SELECT TOP(1) [u].[Id], [u].[CreatedAt], [u].[Email], [u].[Name], [u].[PasswordHash], [u].[Salt], [u].[UpdatedAt]
FROM [Users] AS [u]
WHERE [u].[Email] = @__model_Email_0 
2025-03-09 19:35:12.1626 | INFO | Microsoft.AspNetCore.Mvc.Infrastructure.ObjectResultExecutor | Executing OkObjectResult, writing value of type '<>f__AnonymousType2`2[[System.String, System.Private.CoreLib, Version=6.0.0.0, Culture=neutral, PublicKeyToken=7cec85d7bea7798e],[System.String, System.Private.CoreLib, Version=6.0.0.0, Culture=neutral, PublicKeyToken=7cec85d7bea7798e]]'. 
2025-03-09 19:35:12.1626 | INFO | Microsoft.AspNetCore.Mvc.Infrastructure.ControllerActionInvoker | Executed action HelloGreetingApplication.Controllers.UserController.Login (HelloGreetingApplication) in 213.1025ms 
2025-03-09 19:35:12.1653 | INFO | Microsoft.AspNetCore.Routing.EndpointMiddleware | Executed endpoint 'HelloGreetingApplication.Controllers.UserController.Login (HelloGreetingApplication)' 
2025-03-09 19:35:12.1653 | INFO | Microsoft.AspNetCore.Hosting.Diagnostics | Request finished HTTP/2 POST https://localhost:7224/api/User/login application/json 68 - 200 - application/json;+charset=utf-8 223.2676ms 
2025-03-09 19:37:24.8111 | INFO | Microsoft.AspNetCore.Hosting.Diagnostics | Request starting HTTP/2 POST https://localhost:7224/api/User/register application/json 91 
2025-03-09 19:37:24.8111 | INFO | Microsoft.AspNetCore.Routing.EndpointMiddleware | Executing endpoint 'HelloGreetingApplication.Controllers.UserController.Register (HelloGreetingApplication)' 
2025-03-09 19:37:24.8257 | INFO | Microsoft.AspNetCore.Mvc.Infrastructure.ControllerActionInvoker | Route matched with {action = "Register", controller = "User"}. Executing controller action with signature Microsoft.AspNetCore.Mvc.IActionResult Register(ModelLayer.Model.UserModels.RegisterModel) on controller HelloGreetingApplication.Controllers.UserController (HelloGreetingApplication). 
2025-03-09 19:37:24.9471 | INFO | Microsoft.EntityFrameworkCore.Infrastructure | Entity Framework Core 6.0.25 initialized 'HelloGreetingContext' using provider 'Microsoft.EntityFrameworkCore.SqlServer:6.0.25' with options: None 
2025-03-09 19:37:24.9648 | INFO | Microsoft.EntityFrameworkCore.Database.Command | Executed DbCommand (5ms) [Parameters=[@__model_Email_0='?' (Size = 450)], CommandType='Text', CommandTimeout='30']
SELECT CASE
    WHEN EXISTS (
        SELECT 1
        FROM [Users] AS [u]
        WHERE [u].[Email] = @__model_Email_0) THEN CAST(1 AS bit)
    ELSE CAST(0 AS bit)
END 
2025-03-09 19:37:24.9984 | INFO | Microsoft.EntityFrameworkCore.Database.Command | Executed DbCommand (3ms) [Parameters=[@p0='?' (DbType = DateTime2), @p1='?' (Size = 450), @p2='?' (Size = 4000), @p3='?' (Size = 4000), @p4='?' (Size = 4000), @p5='?' (DbType = DateTime2)], CommandType='Text', CommandTimeout='30']
SET NOCOUNT ON;
INSERT INTO [Users] ([CreatedAt], [Email], [Name], [PasswordHash], [Salt], [UpdatedAt])
VALUES (@p0, @p1, @p2, @p3, @p4, @p5);
SELECT [Id]
FROM [Users]
WHERE @@ROWCOUNT = 1 AND [Id] = scope_identity(); 
2025-03-09 19:37:24.9984 | INFO | Microsoft.AspNetCore.Mvc.Infrastructure.ObjectResultExecutor | Executing OkObjectResult, writing value of type '<>f__AnonymousType2`2[[System.String, System.Private.CoreLib, Version=6.0.0.0, Culture=neutral, PublicKeyToken=7cec85d7bea7798e],[RepositoryLayer.Entity.UserDetailsEntity, RepositoryLayer, Version=1.0.0.0, Culture=neutral, PublicKeyToken=null]]'. 
2025-03-09 19:37:24.9984 | INFO | Microsoft.AspNetCore.Mvc.Infrastructure.ControllerActionInvoker | Executed action HelloGreetingApplication.Controllers.UserController.Register (HelloGreetingApplication) in 174.931ms 
2025-03-09 19:37:24.9984 | INFO | Microsoft.AspNetCore.Routing.EndpointMiddleware | Executed endpoint 'HelloGreetingApplication.Controllers.UserController.Register (HelloGreetingApplication)' 
2025-03-09 19:37:24.9984 | INFO | Microsoft.AspNetCore.Hosting.Diagnostics | Request finished HTTP/2 POST https://localhost:7224/api/User/register application/json 91 - 200 - application/json;+charset=utf-8 193.4598ms 
2025-03-09 20:14:18.0922 | INFO | Microsoft.Hosting.Lifetime | Now listening on: https://localhost:7224 
2025-03-09 20:14:19.1182 | INFO | Microsoft.Hosting.Lifetime | Now listening on: http://localhost:5186 
2025-03-09 20:14:19.5791 | INFO | Microsoft.Hosting.Lifetime | Application started. Press Ctrl+C to shut down. 
2025-03-09 20:14:19.6237 | INFO | Microsoft.Hosting.Lifetime | Hosting environment: Development 
2025-03-09 20:14:19.6237 | INFO | Microsoft.Hosting.Lifetime | Content root path: C:\Users\JYOTI THAKUR\Desktop\GreetinApp1\GreetingApp_2384200076\HelloGreetingApplication\ 
2025-03-09 20:14:22.1511 | INFO | Microsoft.AspNetCore.Hosting.Diagnostics | Request starting HTTP/2 GET https://localhost:7224/Swagger/index.html - - 
2025-03-09 20:14:23.5949 | INFO | Microsoft.AspNetCore.Hosting.Diagnostics | Request finished HTTP/2 GET https://localhost:7224/Swagger/index.html - - - 200 - text/html;charset=utf-8 1447.1470ms 
2025-03-09 20:14:23.8599 | INFO | Microsoft.AspNetCore.Hosting.Diagnostics | Request starting HTTP/2 GET https://localhost:7224/_framework/aspnetcore-browser-refresh.js - - 
2025-03-09 20:14:23.8599 | INFO | Microsoft.AspNetCore.Hosting.Diagnostics | Request starting HTTP/2 GET https://localhost:7224/_vs/browserLink - - 
2025-03-09 20:14:23.8599 | INFO | Microsoft.AspNetCore.Hosting.Diagnostics | Request starting HTTP/2 GET https://localhost:7224/Swagger/index.js - - 
2025-03-09 20:14:23.8692 | INFO | Microsoft.AspNetCore.Hosting.Diagnostics | Request finished HTTP/2 GET https://localhost:7224/Swagger/index.js - - - 200 - application/javascript;charset=utf-8 9.1473ms 
2025-03-09 20:14:23.8692 | INFO | Microsoft.AspNetCore.Hosting.Diagnostics | Request finished HTTP/2 GET https://localhost:7224/_framework/aspnetcore-browser-refresh.js - - - 200 12006 application/javascript;+charset=utf-8 22.1956ms 
2025-03-09 20:14:24.1911 | INFO | Microsoft.AspNetCore.Hosting.Diagnostics | Request finished HTTP/2 GET https://localhost:7224/_vs/browserLink - - - 200 - text/javascript;+charset=UTF-8 330.8022ms 
2025-03-09 20:14:24.4779 | INFO | Microsoft.AspNetCore.Hosting.Diagnostics | Request starting HTTP/2 GET https://localhost:7224/Swagger/v1/swagger.json - - 
2025-03-09 20:14:24.4968 | INFO | Microsoft.AspNetCore.Hosting.Diagnostics | Request finished HTTP/2 GET https://localhost:7224/Swagger/v1/swagger.json - - - 200 - application/json;charset=utf-8 18.9368ms 
2025-03-09 20:15:16.4338 | INFO | Microsoft.AspNetCore.Hosting.Diagnostics | Request starting HTTP/2 POST https://localhost:7224/api/User/forgot-password application/json 42 
2025-03-09 20:15:16.4498 | INFO | Microsoft.AspNetCore.Routing.EndpointMiddleware | Executing endpoint 'HelloGreetingApplication.Controllers.UserController.ForgotPassword (HelloGreetingApplication)' 
2025-03-09 20:15:16.5170 | INFO | Microsoft.AspNetCore.Mvc.Infrastructure.ControllerActionInvoker | Route matched with {action = "ForgotPassword", controller = "User"}. Executing controller action with signature Microsoft.AspNetCore.Mvc.IActionResult ForgotPassword(ModelLayer.Model.UserModels.ForgetPasswordModel) on controller HelloGreetingApplication.Controllers.UserController (HelloGreetingApplication). 
2025-03-09 20:15:19.2760 | INFO | Microsoft.EntityFrameworkCore.Infrastructure | Entity Framework Core 6.0.25 initialized 'HelloGreetingContext' using provider 'Microsoft.EntityFrameworkCore.SqlServer:6.0.25' with options: None 
2025-03-09 20:15:22.0154 | ERROR | Microsoft.EntityFrameworkCore.Database.Command | Failed executing DbCommand (253ms) [Parameters=[@__email_0='?' (Size = 450)], CommandType='Text', CommandTimeout='30']
SELECT TOP(1) [u].[Id], [u].[CreatedAt], [u].[Email], [u].[Name], [u].[PasswordHash], [u].[ResetToken], [u].[ResetTokenExpiry], [u].[Salt], [u].[UpdatedAt]
FROM [Users] AS [u]
WHERE [u].[Email] = @__email_0 
2025-03-09 20:15:22.3635 | ERROR | Microsoft.EntityFrameworkCore.Query | An exception occurred while iterating over the results of a query for context type 'RepositoryLayer.Context.HelloGreetingContext'.
Microsoft.Data.SqlClient.SqlException (0x80131904): Invalid column name 'ResetToken'.
Invalid column name 'ResetTokenExpiry'.
   at Microsoft.Data.SqlClient.SqlConnection.OnError(SqlException exception, Boolean breakConnection, Action`1 wrapCloseInAction)
   at Microsoft.Data.SqlClient.TdsParser.ThrowExceptionAndWarning(TdsParserStateObject stateObj, Boolean callerHasConnectionLock, Boolean asyncClose)
   at Microsoft.Data.SqlClient.TdsParser.TryRun(RunBehavior runBehavior, SqlCommand cmdHandler, SqlDataReader dataStream, BulkCopySimpleResultSet bulkCopyHandler, TdsParserStateObject stateObj, Boolean& dataReady)
   at Microsoft.Data.SqlClient.SqlDataReader.TryConsumeMetaData()
   at Microsoft.Data.SqlClient.SqlDataReader.get_MetaData()
   at Microsoft.Data.SqlClient.SqlCommand.FinishExecuteReader(SqlDataReader ds, RunBehavior runBehavior, String resetOptionsString, Boolean isInternal, Boolean forDescribeParameterEncryption, Boolean shouldCacheForAlwaysEncrypted)
   at Microsoft.Data.SqlClient.SqlCommand.RunExecuteReaderTds(CommandBehavior cmdBehavior, RunBehavior runBehavior, Boolean returnStream, Boolean isAsync, Int32 timeout, Task& task, Boolean asyncWrite, Boolean inRetry, SqlDataReader ds, Boolean describeParameterEncryptionRequest)
   at Microsoft.Data.SqlClient.SqlCommand.RunExecuteReader(CommandBehavior cmdBehavior, RunBehavior runBehavior, Boolean returnStream, TaskCompletionSource`1 completion, Int32 timeout, Task& task, Boolean& usedCache, Boolean asyncWrite, Boolean inRetry, String method)
   at Microsoft.Data.SqlClient.SqlCommand.ExecuteReader(CommandBehavior behavior)
   at Microsoft.EntityFrameworkCore.Storage.RelationalCommand.ExecuteReader(RelationalCommandParameterObject parameterObject)
   at Microsoft.EntityFrameworkCore.Query.Internal.SingleQueryingEnumerable`1.Enumerator.InitializeReader(Enumerator enumerator)
   at Microsoft.EntityFrameworkCore.SqlServer.Storage.Internal.SqlServerExecutionStrategy.Execute[TState,TResult](TState state, Func`3 operation, Func`3 verifySucceeded)
   at Microsoft.EntityFrameworkCore.Query.Internal.SingleQueryingEnumerable`1.Enumerator.MoveNext()
ClientConnectionId:6e2c622d-7bf9-4f88-b2e2-00845d0bd790
Error Number:207,State:1,Class:16 Microsoft.Data.SqlClient.SqlException (0x80131904): Invalid column name 'ResetToken'.
Invalid column name 'ResetTokenExpiry'.
   at Microsoft.Data.SqlClient.SqlConnection.OnError(SqlException exception, Boolean breakConnection, Action`1 wrapCloseInAction)
   at Microsoft.Data.SqlClient.TdsParser.ThrowExceptionAndWarning(TdsParserStateObject stateObj, Boolean callerHasConnectionLock, Boolean asyncClose)
   at Microsoft.Data.SqlClient.TdsParser.TryRun(RunBehavior runBehavior, SqlCommand cmdHandler, SqlDataReader dataStream, BulkCopySimpleResultSet bulkCopyHandler, TdsParserStateObject stateObj, Boolean& dataReady)
   at Microsoft.Data.SqlClient.SqlDataReader.TryConsumeMetaData()
   at Microsoft.Data.SqlClient.SqlDataReader.get_MetaData()
   at Microsoft.Data.SqlClient.SqlCommand.FinishExecuteReader(SqlDataReader ds, RunBehavior runBehavior, String resetOptionsString, Boolean isInternal, Boolean forDescribeParameterEncryption, Boolean shouldCacheForAlwaysEncrypted)
   at Microsoft.Data.SqlClient.SqlCommand.RunExecuteReaderTds(CommandBehavior cmdBehavior, RunBehavior runBehavior, Boolean returnStream, Boolean isAsync, Int32 timeout, Task& task, Boolean asyncWrite, Boolean inRetry, SqlDataReader ds, Boolean describeParameterEncryptionRequest)
   at Microsoft.Data.SqlClient.SqlCommand.RunExecuteReader(CommandBehavior cmdBehavior, RunBehavior runBehavior, Boolean returnStream, TaskCompletionSource`1 completion, Int32 timeout, Task& task, Boolean& usedCache, Boolean asyncWrite, Boolean inRetry, String method)
   at Microsoft.Data.SqlClient.SqlCommand.ExecuteReader(CommandBehavior behavior)
   at Microsoft.EntityFrameworkCore.Storage.RelationalCommand.ExecuteReader(RelationalCommandParameterObject parameterObject)
   at Microsoft.EntityFrameworkCore.Query.Internal.SingleQueryingEnumerable`1.Enumerator.InitializeReader(Enumerator enumerator)
   at Microsoft.EntityFrameworkCore.SqlServer.Storage.Internal.SqlServerExecutionStrategy.Execute[TState,TResult](TState state, Func`3 operation, Func`3 verifySucceeded)
   at Microsoft.EntityFrameworkCore.Query.Internal.SingleQueryingEnumerable`1.Enumerator.MoveNext()
ClientConnectionId:6e2c622d-7bf9-4f88-b2e2-00845d0bd790
Error Number:207,State:1,Class:16 HelpLink.ProdName: Microsoft SQL Server;HelpLink.ProdVer: 16.00.1000;HelpLink.EvtSrc: MSSQLServer;HelpLink.EvtID: 207;HelpLink.BaseHelpUrl: https://go.microsoft.com/fwlink;HelpLink.LinkId: 20476
2025-03-09 20:15:22.8389 | INFO | Microsoft.AspNetCore.Mvc.Infrastructure.ObjectResultExecutor | Executing BadRequestObjectResult, writing value of type '<>f__AnonymousType3`1[[System.String, System.Private.CoreLib, Version=6.0.0.0, Culture=neutral, PublicKeyToken=7cec85d7bea7798e]]'. 
2025-03-09 20:15:22.8801 | INFO | Microsoft.AspNetCore.Mvc.Infrastructure.ControllerActionInvoker | Executed action HelloGreetingApplication.Controllers.UserController.ForgotPassword (HelloGreetingApplication) in 6342.6168ms 
2025-03-09 20:15:22.8801 | INFO | Microsoft.AspNetCore.Routing.EndpointMiddleware | Executed endpoint 'HelloGreetingApplication.Controllers.UserController.ForgotPassword (HelloGreetingApplication)' 
2025-03-09 20:15:22.9093 | INFO | Microsoft.AspNetCore.Hosting.Diagnostics | Request finished HTTP/2 POST https://localhost:7224/api/User/forgot-password application/json 42 - 400 - application/json;+charset=utf-8 6475.4911ms 
2025-03-09 20:18:18.6330 | INFO | Microsoft.EntityFrameworkCore.Infrastructure | Entity Framework Core 6.0.25 initialized 'HelloGreetingContext' using provider 'Microsoft.EntityFrameworkCore.SqlServer:6.0.25' with options: None 
2025-03-09 20:18:19.3792 | INFO | Microsoft.EntityFrameworkCore.Database.Command | Executed DbCommand (30ms) [Parameters=[], CommandType='Text', CommandTimeout='30']
SELECT 1 
2025-03-09 20:18:19.4731 | INFO | Microsoft.EntityFrameworkCore.Database.Command | Executed DbCommand (61ms) [Parameters=[], CommandType='Text', CommandTimeout='30']
SELECT OBJECT_ID(N'[__EFMigrationsHistory]'); 
2025-03-09 20:18:19.5163 | INFO | Microsoft.EntityFrameworkCore.Database.Command | Executed DbCommand (39ms) [Parameters=[], CommandType='Text', CommandTimeout='30']
SELECT 1 
2025-03-09 20:18:19.5523 | INFO | Microsoft.EntityFrameworkCore.Database.Command | Executed DbCommand (35ms) [Parameters=[], CommandType='Text', CommandTimeout='30']
SELECT OBJECT_ID(N'[__EFMigrationsHistory]'); 
2025-03-09 20:18:19.6424 | INFO | Microsoft.EntityFrameworkCore.Database.Command | Executed DbCommand (54ms) [Parameters=[], CommandType='Text', CommandTimeout='30']
SELECT [MigrationId], [ProductVersion]
FROM [__EFMigrationsHistory]
ORDER BY [MigrationId]; 
2025-03-09 20:18:19.6689 | INFO | Microsoft.EntityFrameworkCore.Migrations | No migrations were applied. The database is already up to date. 
2025-03-09 20:19:17.5235 | INFO | Microsoft.Hosting.Lifetime | Now listening on: https://localhost:7224 
2025-03-09 20:19:18.3389 | INFO | Microsoft.Hosting.Lifetime | Now listening on: http://localhost:5186 
2025-03-09 20:19:18.7926 | INFO | Microsoft.Hosting.Lifetime | Application started. Press Ctrl+C to shut down. 
2025-03-09 20:19:19.9339 | INFO | Microsoft.Hosting.Lifetime | Hosting environment: Development 
2025-03-09 20:19:20.5477 | INFO | Microsoft.Hosting.Lifetime | Content root path: C:\Users\JYOTI THAKUR\Desktop\GreetinApp1\GreetingApp_2384200076\HelloGreetingApplication\ 
2025-03-09 20:19:20.9022 | INFO | Microsoft.AspNetCore.Hosting.Diagnostics | Request starting HTTP/2 GET https://localhost:7224/Swagger/index.html - - 
2025-03-09 20:19:22.0679 | INFO | Microsoft.AspNetCore.Hosting.Diagnostics | Request finished HTTP/2 GET https://localhost:7224/Swagger/index.html - - - 200 - text/html;charset=utf-8 1174.0880ms 
2025-03-09 20:19:22.2380 | INFO | Microsoft.AspNetCore.Hosting.Diagnostics | Request starting HTTP/2 GET https://localhost:7224/_framework/aspnetcore-browser-refresh.js - - 
2025-03-09 20:19:22.2463 | INFO | Microsoft.AspNetCore.Hosting.Diagnostics | Request starting HTTP/2 GET https://localhost:7224/Swagger/index.js - - 
2025-03-09 20:19:22.2463 | INFO | Microsoft.AspNetCore.Hosting.Diagnostics | Request starting HTTP/2 GET https://localhost:7224/_vs/browserLink - - 
2025-03-09 20:19:22.2593 | INFO | Microsoft.AspNetCore.Hosting.Diagnostics | Request finished HTTP/2 GET https://localhost:7224/_framework/aspnetcore-browser-refresh.js - - - 200 12006 application/javascript;+charset=utf-8 21.3094ms 
2025-03-09 20:19:22.2593 | INFO | Microsoft.AspNetCore.Hosting.Diagnostics | Request finished HTTP/2 GET https://localhost:7224/Swagger/index.js - - - 200 - application/javascript;charset=utf-8 18.0957ms 
2025-03-09 20:19:22.6855 | INFO | Microsoft.AspNetCore.Hosting.Diagnostics | Request finished HTTP/2 GET https://localhost:7224/_vs/browserLink - - - 200 - text/javascript;+charset=UTF-8 438.8701ms 
2025-03-09 20:19:25.4296 | INFO | Microsoft.AspNetCore.Hosting.Diagnostics | Request starting HTTP/2 GET https://localhost:7224/Swagger/v1/swagger.json - - 
2025-03-09 20:19:25.5539 | INFO | Microsoft.AspNetCore.Hosting.Diagnostics | Request finished HTTP/2 GET https://localhost:7224/Swagger/v1/swagger.json - - - 200 - application/json;charset=utf-8 124.2986ms 
2025-03-09 20:20:32.0901 | INFO | Microsoft.AspNetCore.Hosting.Diagnostics | Request starting HTTP/2 POST https://localhost:7224/api/User/forgot-password application/json 42 
2025-03-09 20:20:32.1090 | INFO | Microsoft.AspNetCore.Routing.EndpointMiddleware | Executing endpoint 'HelloGreetingApplication.Controllers.UserController.ForgotPassword (HelloGreetingApplication)' 
2025-03-09 20:20:32.1659 | INFO | Microsoft.AspNetCore.Mvc.Infrastructure.ControllerActionInvoker | Route matched with {action = "ForgotPassword", controller = "User"}. Executing controller action with signature Microsoft.AspNetCore.Mvc.IActionResult ForgotPassword(ModelLayer.Model.UserModels.ForgetPasswordModel) on controller HelloGreetingApplication.Controllers.UserController (HelloGreetingApplication). 
2025-03-09 20:20:34.6295 | INFO | Microsoft.EntityFrameworkCore.Infrastructure | Entity Framework Core 6.0.25 initialized 'HelloGreetingContext' using provider 'Microsoft.EntityFrameworkCore.SqlServer:6.0.25' with options: None 
2025-03-09 20:20:37.5887 | ERROR | Microsoft.EntityFrameworkCore.Database.Command | Failed executing DbCommand (361ms) [Parameters=[@__email_0='?' (Size = 450)], CommandType='Text', CommandTimeout='30']
SELECT TOP(1) [u].[Id], [u].[CreatedAt], [u].[Email], [u].[Name], [u].[PasswordHash], [u].[ResetToken], [u].[ResetTokenExpiry], [u].[Salt], [u].[UpdatedAt]
FROM [Users] AS [u]
WHERE [u].[Email] = @__email_0 
2025-03-09 20:20:37.7429 | ERROR | Microsoft.EntityFrameworkCore.Query | An exception occurred while iterating over the results of a query for context type 'RepositoryLayer.Context.HelloGreetingContext'.
Microsoft.Data.SqlClient.SqlException (0x80131904): Invalid column name 'ResetToken'.
Invalid column name 'ResetTokenExpiry'.
   at Microsoft.Data.SqlClient.SqlConnection.OnError(SqlException exception, Boolean breakConnection, Action`1 wrapCloseInAction)
   at Microsoft.Data.SqlClient.TdsParser.ThrowExceptionAndWarning(TdsParserStateObject stateObj, Boolean callerHasConnectionLock, Boolean asyncClose)
   at Microsoft.Data.SqlClient.TdsParser.TryRun(RunBehavior runBehavior, SqlCommand cmdHandler, SqlDataReader dataStream, BulkCopySimpleResultSet bulkCopyHandler, TdsParserStateObject stateObj, Boolean& dataReady)
   at Microsoft.Data.SqlClient.SqlDataReader.TryConsumeMetaData()
   at Microsoft.Data.SqlClient.SqlDataReader.get_MetaData()
   at Microsoft.Data.SqlClient.SqlCommand.FinishExecuteReader(SqlDataReader ds, RunBehavior runBehavior, String resetOptionsString, Boolean isInternal, Boolean forDescribeParameterEncryption, Boolean shouldCacheForAlwaysEncrypted)
   at Microsoft.Data.SqlClient.SqlCommand.RunExecuteReaderTds(CommandBehavior cmdBehavior, RunBehavior runBehavior, Boolean returnStream, Boolean isAsync, Int32 timeout, Task& task, Boolean asyncWrite, Boolean inRetry, SqlDataReader ds, Boolean describeParameterEncryptionRequest)
   at Microsoft.Data.SqlClient.SqlCommand.RunExecuteReader(CommandBehavior cmdBehavior, RunBehavior runBehavior, Boolean returnStream, TaskCompletionSource`1 completion, Int32 timeout, Task& task, Boolean& usedCache, Boolean asyncWrite, Boolean inRetry, String method)
   at Microsoft.Data.SqlClient.SqlCommand.ExecuteReader(CommandBehavior behavior)
   at Microsoft.EntityFrameworkCore.Storage.RelationalCommand.ExecuteReader(RelationalCommandParameterObject parameterObject)
   at Microsoft.EntityFrameworkCore.Query.Internal.SingleQueryingEnumerable`1.Enumerator.InitializeReader(Enumerator enumerator)
   at Microsoft.EntityFrameworkCore.SqlServer.Storage.Internal.SqlServerExecutionStrategy.Execute[TState,TResult](TState state, Func`3 operation, Func`3 verifySucceeded)
   at Microsoft.EntityFrameworkCore.Query.Internal.SingleQueryingEnumerable`1.Enumerator.MoveNext()
ClientConnectionId:e24a06a3-693e-418c-98d1-951d8c8bc0fe
Error Number:207,State:1,Class:16 Microsoft.Data.SqlClient.SqlException (0x80131904): Invalid column name 'ResetToken'.
Invalid column name 'ResetTokenExpiry'.
   at Microsoft.Data.SqlClient.SqlConnection.OnError(SqlException exception, Boolean breakConnection, Action`1 wrapCloseInAction)
   at Microsoft.Data.SqlClient.TdsParser.ThrowExceptionAndWarning(TdsParserStateObject stateObj, Boolean callerHasConnectionLock, Boolean asyncClose)
   at Microsoft.Data.SqlClient.TdsParser.TryRun(RunBehavior runBehavior, SqlCommand cmdHandler, SqlDataReader dataStream, BulkCopySimpleResultSet bulkCopyHandler, TdsParserStateObject stateObj, Boolean& dataReady)
   at Microsoft.Data.SqlClient.SqlDataReader.TryConsumeMetaData()
   at Microsoft.Data.SqlClient.SqlDataReader.get_MetaData()
   at Microsoft.Data.SqlClient.SqlCommand.FinishExecuteReader(SqlDataReader ds, RunBehavior runBehavior, String resetOptionsString, Boolean isInternal, Boolean forDescribeParameterEncryption, Boolean shouldCacheForAlwaysEncrypted)
   at Microsoft.Data.SqlClient.SqlCommand.RunExecuteReaderTds(CommandBehavior cmdBehavior, RunBehavior runBehavior, Boolean returnStream, Boolean isAsync, Int32 timeout, Task& task, Boolean asyncWrite, Boolean inRetry, SqlDataReader ds, Boolean describeParameterEncryptionRequest)
   at Microsoft.Data.SqlClient.SqlCommand.RunExecuteReader(CommandBehavior cmdBehavior, RunBehavior runBehavior, Boolean returnStream, TaskCompletionSource`1 completion, Int32 timeout, Task& task, Boolean& usedCache, Boolean asyncWrite, Boolean inRetry, String method)
   at Microsoft.Data.SqlClient.SqlCommand.ExecuteReader(CommandBehavior behavior)
   at Microsoft.EntityFrameworkCore.Storage.RelationalCommand.ExecuteReader(RelationalCommandParameterObject parameterObject)
   at Microsoft.EntityFrameworkCore.Query.Internal.SingleQueryingEnumerable`1.Enumerator.InitializeReader(Enumerator enumerator)
   at Microsoft.EntityFrameworkCore.SqlServer.Storage.Internal.SqlServerExecutionStrategy.Execute[TState,TResult](TState state, Func`3 operation, Func`3 verifySucceeded)
   at Microsoft.EntityFrameworkCore.Query.Internal.SingleQueryingEnumerable`1.Enumerator.MoveNext()
ClientConnectionId:e24a06a3-693e-418c-98d1-951d8c8bc0fe
Error Number:207,State:1,Class:16 HelpLink.ProdName: Microsoft SQL Server;HelpLink.ProdVer: 16.00.1000;HelpLink.EvtSrc: MSSQLServer;HelpLink.EvtID: 207;HelpLink.BaseHelpUrl: https://go.microsoft.com/fwlink;HelpLink.LinkId: 20476
2025-03-09 20:20:38.0217 | INFO | Microsoft.AspNetCore.Mvc.Infrastructure.ObjectResultExecutor | Executing BadRequestObjectResult, writing value of type '<>f__AnonymousType3`1[[System.String, System.Private.CoreLib, Version=6.0.0.0, Culture=neutral, PublicKeyToken=7cec85d7bea7798e]]'. 
2025-03-09 20:20:38.0385 | INFO | Microsoft.AspNetCore.Mvc.Infrastructure.ControllerActionInvoker | Executed action HelloGreetingApplication.Controllers.UserController.ForgotPassword (HelloGreetingApplication) in 5860.4792ms 
2025-03-09 20:20:38.0385 | INFO | Microsoft.AspNetCore.Routing.EndpointMiddleware | Executed endpoint 'HelloGreetingApplication.Controllers.UserController.ForgotPassword (HelloGreetingApplication)' 
2025-03-09 20:20:38.0672 | INFO | Microsoft.AspNetCore.Hosting.Diagnostics | Request finished HTTP/2 POST https://localhost:7224/api/User/forgot-password application/json 42 - 400 - application/json;+charset=utf-8 5977.0746ms 
2025-03-09 23:24:08.9687 | INFO | Microsoft.AspNetCore.DataProtection.KeyManagement.XmlKeyManager | User profile is available. Using 'C:\Users\JYOTI THAKUR\AppData\Local\ASP.NET\DataProtection-Keys' as key repository and Windows DPAPI to encrypt keys at rest. 
2025-03-09 23:24:11.7796 | INFO | Microsoft.Hosting.Lifetime | Now listening on: https://localhost:7224 
2025-03-09 23:24:11.9562 | INFO | Microsoft.Hosting.Lifetime | Now listening on: http://localhost:5186 
2025-03-09 23:24:12.8185 | INFO | Microsoft.Hosting.Lifetime | Application started. Press Ctrl+C to shut down. 
2025-03-09 23:24:12.8373 | INFO | Microsoft.Hosting.Lifetime | Hosting environment: Development 
2025-03-09 23:24:12.8373 | INFO | Microsoft.Hosting.Lifetime | Content root path: C:\Users\JYOTI THAKUR\Desktop\GreetinApp1\GreetingApp_2384200076\HelloGreetingApplication\ 
2025-03-09 23:24:17.0865 | INFO | Microsoft.AspNetCore.Hosting.Diagnostics | Request starting HTTP/2 GET https://localhost:7224/Swagger/index.html - - 
2025-03-09 23:24:18.2305 | INFO | Microsoft.AspNetCore.Hosting.Diagnostics | Request finished HTTP/2 GET https://localhost:7224/Swagger/index.html - - - 200 - text/html;charset=utf-8 1149.7117ms 
2025-03-09 23:24:18.3019 | INFO | Microsoft.AspNetCore.Hosting.Diagnostics | Request starting HTTP/2 GET https://localhost:7224/_framework/aspnetcore-browser-refresh.js - - 
2025-03-09 23:24:18.3067 | INFO | Microsoft.AspNetCore.Hosting.Diagnostics | Request starting HTTP/2 GET https://localhost:7224/Swagger/index.js - - 
2025-03-09 23:24:18.3067 | INFO | Microsoft.AspNetCore.Hosting.Diagnostics | Request starting HTTP/2 GET https://localhost:7224/_vs/browserLink - - 
2025-03-09 23:24:18.3224 | INFO | Microsoft.AspNetCore.Hosting.Diagnostics | Request finished HTTP/2 GET https://localhost:7224/Swagger/index.js - - - 200 - application/javascript;charset=utf-8 15.6655ms 
2025-03-09 23:24:18.3224 | INFO | Microsoft.AspNetCore.Hosting.Diagnostics | Request finished HTTP/2 GET https://localhost:7224/_framework/aspnetcore-browser-refresh.js - - - 200 12006 application/javascript;+charset=utf-8 25.1256ms 
2025-03-09 23:24:18.7624 | INFO | Microsoft.AspNetCore.Hosting.Diagnostics | Request finished HTTP/2 GET https://localhost:7224/_vs/browserLink - - - 200 - text/javascript;+charset=UTF-8 443.1434ms 
2025-03-09 23:24:19.1050 | INFO | Microsoft.AspNetCore.Hosting.Diagnostics | Request starting HTTP/2 GET https://localhost:7224/Swagger/v1/swagger.json - - 
2025-03-09 23:24:19.1242 | INFO | Microsoft.AspNetCore.Hosting.Diagnostics | Request finished HTTP/2 GET https://localhost:7224/Swagger/v1/swagger.json - - - 200 - application/json;charset=utf-8 19.1918ms 
2025-03-09 23:25:07.8468 | INFO | Microsoft.AspNetCore.Hosting.Diagnostics | Request starting HTTP/2 POST https://localhost:7224/api/User/login application/json 68 
2025-03-09 23:25:08.2332 | INFO | Microsoft.AspNetCore.Routing.EndpointMiddleware | Executing endpoint 'HelloGreetingApplication.Controllers.UserController.Login (HelloGreetingApplication)' 
2025-03-09 23:25:08.2943 | INFO | Microsoft.AspNetCore.Mvc.Infrastructure.ControllerActionInvoker | Route matched with {action = "Login", controller = "User"}. Executing controller action with signature Microsoft.AspNetCore.Mvc.IActionResult Login(ModelLayer.Model.UserModels.LoginModel) on controller HelloGreetingApplication.Controllers.UserController (HelloGreetingApplication). 
2025-03-09 23:25:10.9693 | INFO | Microsoft.EntityFrameworkCore.Infrastructure | Entity Framework Core 6.0.25 initialized 'HelloGreetingContext' using provider 'Microsoft.EntityFrameworkCore.SqlServer:6.0.25' with options: None 
2025-03-09 23:25:13.6916 | ERROR | Microsoft.EntityFrameworkCore.Database.Command | Failed executing DbCommand (263ms) [Parameters=[@__model_Email_0='?' (Size = 450)], CommandType='Text', CommandTimeout='30']
SELECT TOP(1) [u].[Id], [u].[CreatedAt], [u].[Email], [u].[Name], [u].[PasswordHash], [u].[ResetToken], [u].[ResetTokenExpiry], [u].[Salt], [u].[UpdatedAt]
FROM [Users] AS [u]
WHERE [u].[Email] = @__model_Email_0 
2025-03-09 23:25:13.8528 | ERROR | Microsoft.EntityFrameworkCore.Query | An exception occurred while iterating over the results of a query for context type 'RepositoryLayer.Context.HelloGreetingContext'.
Microsoft.Data.SqlClient.SqlException (0x80131904): Invalid column name 'ResetToken'.
Invalid column name 'ResetTokenExpiry'.
   at Microsoft.Data.SqlClient.SqlConnection.OnError(SqlException exception, Boolean breakConnection, Action`1 wrapCloseInAction)
   at Microsoft.Data.SqlClient.TdsParser.ThrowExceptionAndWarning(TdsParserStateObject stateObj, Boolean callerHasConnectionLock, Boolean asyncClose)
   at Microsoft.Data.SqlClient.TdsParser.TryRun(RunBehavior runBehavior, SqlCommand cmdHandler, SqlDataReader dataStream, BulkCopySimpleResultSet bulkCopyHandler, TdsParserStateObject stateObj, Boolean& dataReady)
   at Microsoft.Data.SqlClient.SqlDataReader.TryConsumeMetaData()
   at Microsoft.Data.SqlClient.SqlDataReader.get_MetaData()
   at Microsoft.Data.SqlClient.SqlCommand.FinishExecuteReader(SqlDataReader ds, RunBehavior runBehavior, String resetOptionsString, Boolean isInternal, Boolean forDescribeParameterEncryption, Boolean shouldCacheForAlwaysEncrypted)
   at Microsoft.Data.SqlClient.SqlCommand.RunExecuteReaderTds(CommandBehavior cmdBehavior, RunBehavior runBehavior, Boolean returnStream, Boolean isAsync, Int32 timeout, Task& task, Boolean asyncWrite, Boolean inRetry, SqlDataReader ds, Boolean describeParameterEncryptionRequest)
   at Microsoft.Data.SqlClient.SqlCommand.RunExecuteReader(CommandBehavior cmdBehavior, RunBehavior runBehavior, Boolean returnStream, TaskCompletionSource`1 completion, Int32 timeout, Task& task, Boolean& usedCache, Boolean asyncWrite, Boolean inRetry, String method)
   at Microsoft.Data.SqlClient.SqlCommand.ExecuteReader(CommandBehavior behavior)
   at Microsoft.EntityFrameworkCore.Storage.RelationalCommand.ExecuteReader(RelationalCommandParameterObject parameterObject)
   at Microsoft.EntityFrameworkCore.Query.Internal.SingleQueryingEnumerable`1.Enumerator.InitializeReader(Enumerator enumerator)
   at Microsoft.EntityFrameworkCore.SqlServer.Storage.Internal.SqlServerExecutionStrategy.Execute[TState,TResult](TState state, Func`3 operation, Func`3 verifySucceeded)
   at Microsoft.EntityFrameworkCore.Query.Internal.SingleQueryingEnumerable`1.Enumerator.MoveNext()
ClientConnectionId:ae869e78-ed95-44f3-b1d4-8ad0228642c0
Error Number:207,State:1,Class:16 Microsoft.Data.SqlClient.SqlException (0x80131904): Invalid column name 'ResetToken'.
Invalid column name 'ResetTokenExpiry'.
   at Microsoft.Data.SqlClient.SqlConnection.OnError(SqlException exception, Boolean breakConnection, Action`1 wrapCloseInAction)
   at Microsoft.Data.SqlClient.TdsParser.ThrowExceptionAndWarning(TdsParserStateObject stateObj, Boolean callerHasConnectionLock, Boolean asyncClose)
   at Microsoft.Data.SqlClient.TdsParser.TryRun(RunBehavior runBehavior, SqlCommand cmdHandler, SqlDataReader dataStream, BulkCopySimpleResultSet bulkCopyHandler, TdsParserStateObject stateObj, Boolean& dataReady)
   at Microsoft.Data.SqlClient.SqlDataReader.TryConsumeMetaData()
   at Microsoft.Data.SqlClient.SqlDataReader.get_MetaData()
   at Microsoft.Data.SqlClient.SqlCommand.FinishExecuteReader(SqlDataReader ds, RunBehavior runBehavior, String resetOptionsString, Boolean isInternal, Boolean forDescribeParameterEncryption, Boolean shouldCacheForAlwaysEncrypted)
   at Microsoft.Data.SqlClient.SqlCommand.RunExecuteReaderTds(CommandBehavior cmdBehavior, RunBehavior runBehavior, Boolean returnStream, Boolean isAsync, Int32 timeout, Task& task, Boolean asyncWrite, Boolean inRetry, SqlDataReader ds, Boolean describeParameterEncryptionRequest)
   at Microsoft.Data.SqlClient.SqlCommand.RunExecuteReader(CommandBehavior cmdBehavior, RunBehavior runBehavior, Boolean returnStream, TaskCompletionSource`1 completion, Int32 timeout, Task& task, Boolean& usedCache, Boolean asyncWrite, Boolean inRetry, String method)
   at Microsoft.Data.SqlClient.SqlCommand.ExecuteReader(CommandBehavior behavior)
   at Microsoft.EntityFrameworkCore.Storage.RelationalCommand.ExecuteReader(RelationalCommandParameterObject parameterObject)
   at Microsoft.EntityFrameworkCore.Query.Internal.SingleQueryingEnumerable`1.Enumerator.InitializeReader(Enumerator enumerator)
   at Microsoft.EntityFrameworkCore.SqlServer.Storage.Internal.SqlServerExecutionStrategy.Execute[TState,TResult](TState state, Func`3 operation, Func`3 verifySucceeded)
   at Microsoft.EntityFrameworkCore.Query.Internal.SingleQueryingEnumerable`1.Enumerator.MoveNext()
ClientConnectionId:ae869e78-ed95-44f3-b1d4-8ad0228642c0
Error Number:207,State:1,Class:16 HelpLink.ProdName: Microsoft SQL Server;HelpLink.ProdVer: 16.00.1000;HelpLink.EvtSrc: MSSQLServer;HelpLink.EvtID: 207;HelpLink.BaseHelpUrl: https://go.microsoft.com/fwlink;HelpLink.LinkId: 20476
2025-03-09 23:25:14.1101 | INFO | Microsoft.AspNetCore.Mvc.Infrastructure.ObjectResultExecutor | Executing UnauthorizedObjectResult, writing value of type '<>f__AnonymousType3`1[[System.String, System.Private.CoreLib, Version=6.0.0.0, Culture=neutral, PublicKeyToken=7cec85d7bea7798e]]'. 
2025-03-09 23:25:14.1235 | INFO | Microsoft.AspNetCore.Mvc.Infrastructure.ControllerActionInvoker | Executed action HelloGreetingApplication.Controllers.UserController.Login (HelloGreetingApplication) in 5821.1651ms 
2025-03-09 23:25:14.1235 | INFO | Microsoft.AspNetCore.Routing.EndpointMiddleware | Executed endpoint 'HelloGreetingApplication.Controllers.UserController.Login (HelloGreetingApplication)' 
2025-03-09 23:25:14.1772 | INFO | Microsoft.AspNetCore.Hosting.Diagnostics | Request finished HTTP/2 POST https://localhost:7224/api/User/login application/json 68 - 401 - application/json;+charset=utf-8 6330.3393ms 
2025-03-09 23:29:07.4015 | INFO | Microsoft.AspNetCore.DataProtection.KeyManagement.XmlKeyManager | User profile is available. Using 'C:\Users\JYOTI THAKUR\AppData\Local\ASP.NET\DataProtection-Keys' as key repository and Windows DPAPI to encrypt keys at rest. 
2025-03-09 23:29:08.8968 | INFO | Microsoft.Hosting.Lifetime | Now listening on: https://localhost:7224 
2025-03-09 23:29:08.9073 | INFO | Microsoft.Hosting.Lifetime | Now listening on: http://localhost:5186 
2025-03-09 23:29:09.0568 | INFO | Microsoft.Hosting.Lifetime | Application started. Press Ctrl+C to shut down. 
2025-03-09 23:29:09.0741 | INFO | Microsoft.Hosting.Lifetime | Hosting environment: Development 
2025-03-09 23:29:09.0741 | INFO | Microsoft.Hosting.Lifetime | Content root path: C:\Users\JYOTI THAKUR\Desktop\GreetinApp1\GreetingApp_2384200076\HelloGreetingApplication\ 
2025-03-09 23:29:13.4454 | INFO | Microsoft.AspNetCore.Hosting.Diagnostics | Request starting HTTP/2 GET https://localhost:7224/Swagger/index.html - - 
2025-03-09 23:29:16.3641 | INFO | Microsoft.AspNetCore.Hosting.Diagnostics | Request finished HTTP/2 GET https://localhost:7224/Swagger/index.html - - - 200 - text/html;charset=utf-8 2921.3340ms 
2025-03-09 23:29:16.6757 | INFO | Microsoft.AspNetCore.Hosting.Diagnostics | Request starting HTTP/2 GET https://localhost:7224/_framework/aspnetcore-browser-refresh.js - - 
2025-03-09 23:29:16.6826 | INFO | Microsoft.AspNetCore.Hosting.Diagnostics | Request starting HTTP/2 GET https://localhost:7224/_vs/browserLink - - 
2025-03-09 23:29:16.6826 | INFO | Microsoft.AspNetCore.Hosting.Diagnostics | Request starting HTTP/2 GET https://localhost:7224/Swagger/index.js - - 
2025-03-09 23:29:16.7362 | INFO | Microsoft.AspNetCore.Hosting.Diagnostics | Request finished HTTP/2 GET https://localhost:7224/Swagger/index.js - - - 200 - application/javascript;charset=utf-8 53.6208ms 
2025-03-09 23:29:16.7555 | INFO | Microsoft.AspNetCore.Hosting.Diagnostics | Request finished HTTP/2 GET https://localhost:7224/_framework/aspnetcore-browser-refresh.js - - - 200 12006 application/javascript;+charset=utf-8 79.7718ms 
2025-03-09 23:29:16.9844 | INFO | Microsoft.AspNetCore.Hosting.Diagnostics | Request finished HTTP/2 GET https://localhost:7224/_vs/browserLink - - - 200 - text/javascript;+charset=UTF-8 299.8198ms 
2025-03-09 23:29:17.4200 | INFO | Microsoft.AspNetCore.Hosting.Diagnostics | Request starting HTTP/2 GET https://localhost:7224/Swagger/v1/swagger.json - - 
2025-03-09 23:29:17.4447 | INFO | Microsoft.AspNetCore.Hosting.Diagnostics | Request finished HTTP/2 GET https://localhost:7224/Swagger/v1/swagger.json - - - 200 - application/json;charset=utf-8 24.6618ms 
2025-03-09 23:30:16.4715 | INFO | Microsoft.AspNetCore.Hosting.Diagnostics | Request starting HTTP/2 POST https://localhost:7224/api/User/login application/json 68 
2025-03-09 23:30:16.6568 | INFO | Microsoft.AspNetCore.Routing.EndpointMiddleware | Executing endpoint 'HelloGreetingApplication.Controllers.UserController.Login (HelloGreetingApplication)' 
2025-03-09 23:30:16.7089 | INFO | Microsoft.AspNetCore.Mvc.Infrastructure.ControllerActionInvoker | Route matched with {action = "Login", controller = "User"}. Executing controller action with signature Microsoft.AspNetCore.Mvc.IActionResult Login(ModelLayer.Model.UserModels.LoginModel) on controller HelloGreetingApplication.Controllers.UserController (HelloGreetingApplication). 
2025-03-09 23:30:18.3263 | INFO | Microsoft.EntityFrameworkCore.Infrastructure | Entity Framework Core 6.0.25 initialized 'HelloGreetingContext' using provider 'Microsoft.EntityFrameworkCore.SqlServer:6.0.25' with options: None 
2025-03-09 23:30:19.9773 | ERROR | Microsoft.EntityFrameworkCore.Database.Command | Failed executing DbCommand (103ms) [Parameters=[@__model_Email_0='?' (Size = 450)], CommandType='Text', CommandTimeout='30']
SELECT TOP(1) [u].[Id], [u].[CreatedAt], [u].[Email], [u].[Name], [u].[PasswordHash], [u].[ResetToken], [u].[ResetTokenExpiry], [u].[Salt], [u].[UpdatedAt]
FROM [Users] AS [u]
WHERE [u].[Email] = @__model_Email_0 
2025-03-09 23:30:20.0942 | ERROR | Microsoft.EntityFrameworkCore.Query | An exception occurred while iterating over the results of a query for context type 'RepositoryLayer.Context.HelloGreetingContext'.
Microsoft.Data.SqlClient.SqlException (0x80131904): Invalid column name 'ResetToken'.
Invalid column name 'ResetTokenExpiry'.
   at Microsoft.Data.SqlClient.SqlConnection.OnError(SqlException exception, Boolean breakConnection, Action`1 wrapCloseInAction)
   at Microsoft.Data.SqlClient.TdsParser.ThrowExceptionAndWarning(TdsParserStateObject stateObj, Boolean callerHasConnectionLock, Boolean asyncClose)
   at Microsoft.Data.SqlClient.TdsParser.TryRun(RunBehavior runBehavior, SqlCommand cmdHandler, SqlDataReader dataStream, BulkCopySimpleResultSet bulkCopyHandler, TdsParserStateObject stateObj, Boolean& dataReady)
   at Microsoft.Data.SqlClient.SqlDataReader.TryConsumeMetaData()
   at Microsoft.Data.SqlClient.SqlDataReader.get_MetaData()
   at Microsoft.Data.SqlClient.SqlCommand.FinishExecuteReader(SqlDataReader ds, RunBehavior runBehavior, String resetOptionsString, Boolean isInternal, Boolean forDescribeParameterEncryption, Boolean shouldCacheForAlwaysEncrypted)
   at Microsoft.Data.SqlClient.SqlCommand.RunExecuteReaderTds(CommandBehavior cmdBehavior, RunBehavior runBehavior, Boolean returnStream, Boolean isAsync, Int32 timeout, Task& task, Boolean asyncWrite, Boolean inRetry, SqlDataReader ds, Boolean describeParameterEncryptionRequest)
   at Microsoft.Data.SqlClient.SqlCommand.RunExecuteReader(CommandBehavior cmdBehavior, RunBehavior runBehavior, Boolean returnStream, TaskCompletionSource`1 completion, Int32 timeout, Task& task, Boolean& usedCache, Boolean asyncWrite, Boolean inRetry, String method)
   at Microsoft.Data.SqlClient.SqlCommand.ExecuteReader(CommandBehavior behavior)
   at Microsoft.EntityFrameworkCore.Storage.RelationalCommand.ExecuteReader(RelationalCommandParameterObject parameterObject)
   at Microsoft.EntityFrameworkCore.Query.Internal.SingleQueryingEnumerable`1.Enumerator.InitializeReader(Enumerator enumerator)
   at Microsoft.EntityFrameworkCore.SqlServer.Storage.Internal.SqlServerExecutionStrategy.Execute[TState,TResult](TState state, Func`3 operation, Func`3 verifySucceeded)
   at Microsoft.EntityFrameworkCore.Query.Internal.SingleQueryingEnumerable`1.Enumerator.MoveNext()
ClientConnectionId:898fac7a-4403-424f-98f3-7091902fa021
Error Number:207,State:1,Class:16 Microsoft.Data.SqlClient.SqlException (0x80131904): Invalid column name 'ResetToken'.
Invalid column name 'ResetTokenExpiry'.
   at Microsoft.Data.SqlClient.SqlConnection.OnError(SqlException exception, Boolean breakConnection, Action`1 wrapCloseInAction)
   at Microsoft.Data.SqlClient.TdsParser.ThrowExceptionAndWarning(TdsParserStateObject stateObj, Boolean callerHasConnectionLock, Boolean asyncClose)
   at Microsoft.Data.SqlClient.TdsParser.TryRun(RunBehavior runBehavior, SqlCommand cmdHandler, SqlDataReader dataStream, BulkCopySimpleResultSet bulkCopyHandler, TdsParserStateObject stateObj, Boolean& dataReady)
   at Microsoft.Data.SqlClient.SqlDataReader.TryConsumeMetaData()
   at Microsoft.Data.SqlClient.SqlDataReader.get_MetaData()
   at Microsoft.Data.SqlClient.SqlCommand.FinishExecuteReader(SqlDataReader ds, RunBehavior runBehavior, String resetOptionsString, Boolean isInternal, Boolean forDescribeParameterEncryption, Boolean shouldCacheForAlwaysEncrypted)
   at Microsoft.Data.SqlClient.SqlCommand.RunExecuteReaderTds(CommandBehavior cmdBehavior, RunBehavior runBehavior, Boolean returnStream, Boolean isAsync, Int32 timeout, Task& task, Boolean asyncWrite, Boolean inRetry, SqlDataReader ds, Boolean describeParameterEncryptionRequest)
   at Microsoft.Data.SqlClient.SqlCommand.RunExecuteReader(CommandBehavior cmdBehavior, RunBehavior runBehavior, Boolean returnStream, TaskCompletionSource`1 completion, Int32 timeout, Task& task, Boolean& usedCache, Boolean asyncWrite, Boolean inRetry, String method)
   at Microsoft.Data.SqlClient.SqlCommand.ExecuteReader(CommandBehavior behavior)
   at Microsoft.EntityFrameworkCore.Storage.RelationalCommand.ExecuteReader(RelationalCommandParameterObject parameterObject)
   at Microsoft.EntityFrameworkCore.Query.Internal.SingleQueryingEnumerable`1.Enumerator.InitializeReader(Enumerator enumerator)
   at Microsoft.EntityFrameworkCore.SqlServer.Storage.Internal.SqlServerExecutionStrategy.Execute[TState,TResult](TState state, Func`3 operation, Func`3 verifySucceeded)
   at Microsoft.EntityFrameworkCore.Query.Internal.SingleQueryingEnumerable`1.Enumerator.MoveNext()
ClientConnectionId:898fac7a-4403-424f-98f3-7091902fa021
Error Number:207,State:1,Class:16 HelpLink.ProdName: Microsoft SQL Server;HelpLink.ProdVer: 16.00.1000;HelpLink.EvtSrc: MSSQLServer;HelpLink.EvtID: 207;HelpLink.BaseHelpUrl: https://go.microsoft.com/fwlink;HelpLink.LinkId: 20476
2025-03-09 23:30:20.2940 | INFO | Microsoft.AspNetCore.Mvc.Infrastructure.ObjectResultExecutor | Executing UnauthorizedObjectResult, writing value of type '<>f__AnonymousType3`1[[System.String, System.Private.CoreLib, Version=6.0.0.0, Culture=neutral, PublicKeyToken=7cec85d7bea7798e]]'. 
2025-03-09 23:30:20.3109 | INFO | Microsoft.AspNetCore.Mvc.Infrastructure.ControllerActionInvoker | Executed action HelloGreetingApplication.Controllers.UserController.Login (HelloGreetingApplication) in 3590.7857ms 
2025-03-09 23:30:20.3109 | INFO | Microsoft.AspNetCore.Routing.EndpointMiddleware | Executed endpoint 'HelloGreetingApplication.Controllers.UserController.Login (HelloGreetingApplication)' 
2025-03-09 23:30:20.3876 | INFO | Microsoft.AspNetCore.Hosting.Diagnostics | Request finished HTTP/2 POST https://localhost:7224/api/User/login application/json 68 - 401 - application/json;+charset=utf-8 3916.0938ms 
2025-03-09 23:32:03.9536 | INFO | Microsoft.EntityFrameworkCore.Infrastructure | Entity Framework Core 6.0.25 initialized 'HelloGreetingContext' using provider 'Microsoft.EntityFrameworkCore.SqlServer:6.0.25' with options: None 
2025-03-09 23:32:04.8160 | INFO | Microsoft.EntityFrameworkCore.Database.Command | Executed DbCommand (47ms) [Parameters=[], CommandType='Text', CommandTimeout='30']
SELECT 1 
2025-03-09 23:32:04.9560 | INFO | Microsoft.EntityFrameworkCore.Database.Command | Executed DbCommand (95ms) [Parameters=[], CommandType='Text', CommandTimeout='30']
SELECT OBJECT_ID(N'[__EFMigrationsHistory]'); 
2025-03-09 23:32:04.9560 | INFO | Microsoft.EntityFrameworkCore.Database.Command | Executed DbCommand (2ms) [Parameters=[], CommandType='Text', CommandTimeout='30']
SELECT 1 
2025-03-09 23:32:04.9632 | INFO | Microsoft.EntityFrameworkCore.Database.Command | Executed DbCommand (1ms) [Parameters=[], CommandType='Text', CommandTimeout='30']
SELECT OBJECT_ID(N'[__EFMigrationsHistory]'); 
2025-03-09 23:32:05.0693 | INFO | Microsoft.EntityFrameworkCore.Database.Command | Executed DbCommand (78ms) [Parameters=[], CommandType='Text', CommandTimeout='30']
SELECT [MigrationId], [ProductVersion]
FROM [__EFMigrationsHistory]
ORDER BY [MigrationId]; 
2025-03-09 23:32:05.1062 | INFO | Microsoft.EntityFrameworkCore.Migrations | No migrations were applied. The database is already up to date. 
2025-03-09 23:33:49.6967 | INFO | Microsoft.EntityFrameworkCore.Infrastructure | Entity Framework Core 6.0.25 initialized 'HelloGreetingContext' using provider 'Microsoft.EntityFrameworkCore.SqlServer:6.0.25' with options: None 
2025-03-09 23:33:50.4354 | INFO | Microsoft.EntityFrameworkCore.Database.Command | Executed DbCommand (31ms) [Parameters=[], CommandType='Text', CommandTimeout='30']
SELECT 1 
2025-03-09 23:33:50.5060 | INFO | Microsoft.EntityFrameworkCore.Database.Command | Executed DbCommand (35ms) [Parameters=[], CommandType='Text', CommandTimeout='30']
SELECT OBJECT_ID(N'[__EFMigrationsHistory]'); 
2025-03-09 23:33:50.5179 | INFO | Microsoft.EntityFrameworkCore.Database.Command | Executed DbCommand (8ms) [Parameters=[], CommandType='Text', CommandTimeout='30']
SELECT 1 
2025-03-09 23:33:50.5179 | INFO | Microsoft.EntityFrameworkCore.Database.Command | Executed DbCommand (1ms) [Parameters=[], CommandType='Text', CommandTimeout='30']
SELECT OBJECT_ID(N'[__EFMigrationsHistory]'); 
2025-03-09 23:33:50.5979 | INFO | Microsoft.EntityFrameworkCore.Database.Command | Executed DbCommand (30ms) [Parameters=[], CommandType='Text', CommandTimeout='30']
SELECT [MigrationId], [ProductVersion]
FROM [__EFMigrationsHistory]
ORDER BY [MigrationId]; 
2025-03-09 23:33:50.6383 | INFO | Microsoft.EntityFrameworkCore.Migrations | No migrations were applied. The database is already up to date. 
2025-03-09 23:34:14.6381 | INFO | Microsoft.AspNetCore.DataProtection.KeyManagement.XmlKeyManager | User profile is available. Using 'C:\Users\JYOTI THAKUR\AppData\Local\ASP.NET\DataProtection-Keys' as key repository and Windows DPAPI to encrypt keys at rest. 
2025-03-09 23:34:16.7882 | INFO | Microsoft.Hosting.Lifetime | Now listening on: https://localhost:7224 
2025-03-09 23:34:16.7945 | INFO | Microsoft.Hosting.Lifetime | Now listening on: http://localhost:5186 
2025-03-09 23:34:16.9311 | INFO | Microsoft.Hosting.Lifetime | Application started. Press Ctrl+C to shut down. 
2025-03-09 23:34:16.9311 | INFO | Microsoft.Hosting.Lifetime | Hosting environment: Development 
2025-03-09 23:34:16.9311 | INFO | Microsoft.Hosting.Lifetime | Content root path: C:\Users\JYOTI THAKUR\Desktop\GreetinApp1\GreetingApp_2384200076\HelloGreetingApplication\ 
2025-03-09 23:34:18.5279 | INFO | Microsoft.AspNetCore.Hosting.Diagnostics | Request starting HTTP/2 GET https://localhost:7224/Swagger/index.html - - 
2025-03-09 23:34:19.5024 | INFO | Microsoft.AspNetCore.Hosting.Diagnostics | Request finished HTTP/2 GET https://localhost:7224/Swagger/index.html - - - 200 - text/html;charset=utf-8 981.7822ms 
2025-03-09 23:34:19.6739 | INFO | Microsoft.AspNetCore.Hosting.Diagnostics | Request starting HTTP/2 GET https://localhost:7224/_framework/aspnetcore-browser-refresh.js - - 
2025-03-09 23:34:19.6739 | INFO | Microsoft.AspNetCore.Hosting.Diagnostics | Request starting HTTP/2 GET https://localhost:7224/Swagger/index.js - - 
2025-03-09 23:34:19.6882 | INFO | Microsoft.AspNetCore.Hosting.Diagnostics | Request finished HTTP/2 GET https://localhost:7224/Swagger/index.js - - - 200 - application/javascript;charset=utf-8 9.3552ms 
2025-03-09 23:34:19.6964 | INFO | Microsoft.AspNetCore.Hosting.Diagnostics | Request finished HTTP/2 GET https://localhost:7224/_framework/aspnetcore-browser-refresh.js - - - 200 12006 application/javascript;+charset=utf-8 22.5035ms 
2025-03-09 23:34:19.7759 | INFO | Microsoft.AspNetCore.Hosting.Diagnostics | Request starting HTTP/2 GET https://localhost:7224/_vs/browserLink - - 
2025-03-09 23:34:20.8724 | INFO | Microsoft.AspNetCore.Hosting.Diagnostics | Request finished HTTP/2 GET https://localhost:7224/_vs/browserLink - - - 200 - text/javascript;+charset=UTF-8 1096.3921ms 
2025-03-09 23:34:23.3858 | INFO | Microsoft.AspNetCore.Hosting.Diagnostics | Request starting HTTP/2 GET https://localhost:7224/Swagger/v1/swagger.json - - 
2025-03-09 23:34:23.4637 | INFO | Microsoft.AspNetCore.Hosting.Diagnostics | Request finished HTTP/2 GET https://localhost:7224/Swagger/v1/swagger.json - - - 200 - application/json;charset=utf-8 77.8190ms 
2025-03-09 23:35:07.5379 | INFO | Microsoft.AspNetCore.Hosting.Diagnostics | Request starting HTTP/2 POST https://localhost:7224/api/User/login application/json 68 
2025-03-09 23:35:08.0083 | INFO | Microsoft.AspNetCore.Routing.EndpointMiddleware | Executing endpoint 'HelloGreetingApplication.Controllers.UserController.Login (HelloGreetingApplication)' 
2025-03-09 23:35:08.0988 | INFO | Microsoft.AspNetCore.Mvc.Infrastructure.ControllerActionInvoker | Route matched with {action = "Login", controller = "User"}. Executing controller action with signature Microsoft.AspNetCore.Mvc.IActionResult Login(ModelLayer.Model.UserModels.LoginModel) on controller HelloGreetingApplication.Controllers.UserController (HelloGreetingApplication). 
2025-03-09 23:35:11.0085 | INFO | Microsoft.EntityFrameworkCore.Infrastructure | Entity Framework Core 6.0.25 initialized 'HelloGreetingContext' using provider 'Microsoft.EntityFrameworkCore.SqlServer:6.0.25' with options: None 
2025-03-09 23:35:13.8633 | ERROR | Microsoft.EntityFrameworkCore.Database.Command | Failed executing DbCommand (306ms) [Parameters=[@__model_Email_0='?' (Size = 450)], CommandType='Text', CommandTimeout='30']
SELECT TOP(1) [u].[Id], [u].[CreatedAt], [u].[Email], [u].[Name], [u].[PasswordHash], [u].[ResetToken], [u].[ResetTokenExpiry], [u].[Salt], [u].[UpdatedAt]
FROM [Users] AS [u]
WHERE [u].[Email] = @__model_Email_0 
2025-03-09 23:35:14.0180 | ERROR | Microsoft.EntityFrameworkCore.Query | An exception occurred while iterating over the results of a query for context type 'RepositoryLayer.Context.HelloGreetingContext'.
Microsoft.Data.SqlClient.SqlException (0x80131904): Invalid column name 'ResetToken'.
Invalid column name 'ResetTokenExpiry'.
   at Microsoft.Data.SqlClient.SqlConnection.OnError(SqlException exception, Boolean breakConnection, Action`1 wrapCloseInAction)
   at Microsoft.Data.SqlClient.TdsParser.ThrowExceptionAndWarning(TdsParserStateObject stateObj, Boolean callerHasConnectionLock, Boolean asyncClose)
   at Microsoft.Data.SqlClient.TdsParser.TryRun(RunBehavior runBehavior, SqlCommand cmdHandler, SqlDataReader dataStream, BulkCopySimpleResultSet bulkCopyHandler, TdsParserStateObject stateObj, Boolean& dataReady)
   at Microsoft.Data.SqlClient.SqlDataReader.TryConsumeMetaData()
   at Microsoft.Data.SqlClient.SqlDataReader.get_MetaData()
   at Microsoft.Data.SqlClient.SqlCommand.FinishExecuteReader(SqlDataReader ds, RunBehavior runBehavior, String resetOptionsString, Boolean isInternal, Boolean forDescribeParameterEncryption, Boolean shouldCacheForAlwaysEncrypted)
   at Microsoft.Data.SqlClient.SqlCommand.RunExecuteReaderTds(CommandBehavior cmdBehavior, RunBehavior runBehavior, Boolean returnStream, Boolean isAsync, Int32 timeout, Task& task, Boolean asyncWrite, Boolean inRetry, SqlDataReader ds, Boolean describeParameterEncryptionRequest)
   at Microsoft.Data.SqlClient.SqlCommand.RunExecuteReader(CommandBehavior cmdBehavior, RunBehavior runBehavior, Boolean returnStream, TaskCompletionSource`1 completion, Int32 timeout, Task& task, Boolean& usedCache, Boolean asyncWrite, Boolean inRetry, String method)
   at Microsoft.Data.SqlClient.SqlCommand.ExecuteReader(CommandBehavior behavior)
   at Microsoft.EntityFrameworkCore.Storage.RelationalCommand.ExecuteReader(RelationalCommandParameterObject parameterObject)
   at Microsoft.EntityFrameworkCore.Query.Internal.SingleQueryingEnumerable`1.Enumerator.InitializeReader(Enumerator enumerator)
   at Microsoft.EntityFrameworkCore.SqlServer.Storage.Internal.SqlServerExecutionStrategy.Execute[TState,TResult](TState state, Func`3 operation, Func`3 verifySucceeded)
   at Microsoft.EntityFrameworkCore.Query.Internal.SingleQueryingEnumerable`1.Enumerator.MoveNext()
ClientConnectionId:223851de-2945-42fa-9d9d-c80939c703d2
Error Number:207,State:1,Class:16 Microsoft.Data.SqlClient.SqlException (0x80131904): Invalid column name 'ResetToken'.
Invalid column name 'ResetTokenExpiry'.
   at Microsoft.Data.SqlClient.SqlConnection.OnError(SqlException exception, Boolean breakConnection, Action`1 wrapCloseInAction)
   at Microsoft.Data.SqlClient.TdsParser.ThrowExceptionAndWarning(TdsParserStateObject stateObj, Boolean callerHasConnectionLock, Boolean asyncClose)
   at Microsoft.Data.SqlClient.TdsParser.TryRun(RunBehavior runBehavior, SqlCommand cmdHandler, SqlDataReader dataStream, BulkCopySimpleResultSet bulkCopyHandler, TdsParserStateObject stateObj, Boolean& dataReady)
   at Microsoft.Data.SqlClient.SqlDataReader.TryConsumeMetaData()
   at Microsoft.Data.SqlClient.SqlDataReader.get_MetaData()
   at Microsoft.Data.SqlClient.SqlCommand.FinishExecuteReader(SqlDataReader ds, RunBehavior runBehavior, String resetOptionsString, Boolean isInternal, Boolean forDescribeParameterEncryption, Boolean shouldCacheForAlwaysEncrypted)
   at Microsoft.Data.SqlClient.SqlCommand.RunExecuteReaderTds(CommandBehavior cmdBehavior, RunBehavior runBehavior, Boolean returnStream, Boolean isAsync, Int32 timeout, Task& task, Boolean asyncWrite, Boolean inRetry, SqlDataReader ds, Boolean describeParameterEncryptionRequest)
   at Microsoft.Data.SqlClient.SqlCommand.RunExecuteReader(CommandBehavior cmdBehavior, RunBehavior runBehavior, Boolean returnStream, TaskCompletionSource`1 completion, Int32 timeout, Task& task, Boolean& usedCache, Boolean asyncWrite, Boolean inRetry, String method)
   at Microsoft.Data.SqlClient.SqlCommand.ExecuteReader(CommandBehavior behavior)
   at Microsoft.EntityFrameworkCore.Storage.RelationalCommand.ExecuteReader(RelationalCommandParameterObject parameterObject)
   at Microsoft.EntityFrameworkCore.Query.Internal.SingleQueryingEnumerable`1.Enumerator.InitializeReader(Enumerator enumerator)
   at Microsoft.EntityFrameworkCore.SqlServer.Storage.Internal.SqlServerExecutionStrategy.Execute[TState,TResult](TState state, Func`3 operation, Func`3 verifySucceeded)
   at Microsoft.EntityFrameworkCore.Query.Internal.SingleQueryingEnumerable`1.Enumerator.MoveNext()
ClientConnectionId:223851de-2945-42fa-9d9d-c80939c703d2
Error Number:207,State:1,Class:16 HelpLink.ProdName: Microsoft SQL Server;HelpLink.ProdVer: 16.00.1000;HelpLink.EvtSrc: MSSQLServer;HelpLink.EvtID: 207;HelpLink.BaseHelpUrl: https://go.microsoft.com/fwlink;HelpLink.LinkId: 20476
2025-03-09 23:35:14.3683 | INFO | Microsoft.AspNetCore.Mvc.Infrastructure.ObjectResultExecutor | Executing UnauthorizedObjectResult, writing value of type '<>f__AnonymousType3`1[[System.String, System.Private.CoreLib, Version=6.0.0.0, Culture=neutral, PublicKeyToken=7cec85d7bea7798e]]'. 
2025-03-09 23:35:14.3936 | INFO | Microsoft.AspNetCore.Mvc.Infrastructure.ControllerActionInvoker | Executed action HelloGreetingApplication.Controllers.UserController.Login (HelloGreetingApplication) in 6234.735ms 
2025-03-09 23:35:14.3936 | INFO | Microsoft.AspNetCore.Routing.EndpointMiddleware | Executed endpoint 'HelloGreetingApplication.Controllers.UserController.Login (HelloGreetingApplication)' 
2025-03-09 23:35:14.4616 | INFO | Microsoft.AspNetCore.Hosting.Diagnostics | Request finished HTTP/2 POST https://localhost:7224/api/User/login application/json 68 - 401 - application/json;+charset=utf-8 6923.6782ms 
